+++ Making init +++
make -f Makefile.work init
make[1]: Entering directory '/code/forks/sonic-buildimage'
Entering 'platform/barefoot/sonic-platform-modules-arista'
Entering 'platform/broadcom/sonic-platform-modules-arista'
Entering 'platform/mellanox/hw-management/hw-mgmt'
Entering 'platform/mellanox/mlnx-sai/SAI-Implementation'
Entering 'platform/mellanox/sdk-src/sx-kernel/Switch-SDK-drivers'
Entering 'platform/p4/SAI-P4-BM'
Entering 'platform/p4/SAI-P4-BM/p4-switch/behavioral-model'
Entering 'platform/p4/p4-hlir/p4-hlir'
Entering 'platform/p4/p4-hlir/p4-hlir-v1.1'
Entering 'platform/p4/p4c-bm/p4c-bm'
Entering 'src/dhcprelay'
Entering 'src/linkmgrd'
Entering 'src/ptf'
Entering 'src/redis-dump-load'
Entering 'src/scapy'
Entering 'src/sonic-dbsyncd'
Entering 'src/sonic-frr/frr'
Entering 'src/sonic-linux-kernel'
Entering 'src/sonic-mgmt-common'
Entering 'src/sonic-mgmt-framework'
Entering 'src/sonic-platform-common'
Entering 'src/sonic-platform-daemons'
Entering 'src/sonic-py-swsssdk'
Entering 'src/sonic-restapi'
Entering 'src/sonic-sairedis'
Entering 'src/sonic-sairedis/SAI'
Entering 'src/sonic-sairedis/SAI/bm/behavioral-model'
Entering 'src/sonic-sairedis/SAI/test/ptf'
Entering 'src/sonic-sairedis/SAI/test/saithrift/ctypesgen'
Entering 'src/sonic-snmpagent'
Entering 'src/sonic-swss'
Entering 'src/sonic-swss-common'
Entering 'src/sonic-telemetry'
Entering 'src/sonic-utilities'
Entering 'src/sonic-ztp'
make[1]: Leaving directory '/code/forks/sonic-buildimage'
+++ Cheking platform/vs +++
+++ Making configure +++
BLDENV=stretch make -f Makefile.work configure
make[1]: Entering directory '/code/forks/sonic-buildimage'
~/code/forks/sonic-buildimage/src/sonic-build-hooks ~/code/forks/sonic-buildimage
make[2]: Entering directory '/code/forks/sonic-buildimage/src/sonic-build-hooks'
dpkg-deb: building package 'sonic-build-hooks' in 'buildinfo/sonic-build-hooks_1.0_all.deb'.
make[2]: Leaving directory '/code/forks/sonic-buildimage/src/sonic-build-hooks'
~/code/forks/sonic-buildimage
SONiC Build System

Build Configuration
"CONFIGURED_PLATFORM"             : "vs"
"CONFIGURED_ARCH"                 : "amd64"
"SONIC_CONFIG_PRINT_DEPENDENCIES" : ""
"SONIC_BUILD_JOBS"                : "1"
"SONIC_CONFIG_MAKE_JOBS"          : "16"
"SONIC_USE_DOCKER_BUILDKIT"       : ""
"USERNAME"                        : "admin"
"PASSWORD"                        : "YourPaSsWoRd"
"ENABLE_DHCP_GRAPH_SERVICE"       : ""
"SHUTDOWN_BGP_ON_START"           : ""
"ENABLE_PFCWD_ON_START"           : ""
"SONIC_BUFFER_MODEL"              : ""
"INSTALL_DEBUG_TOOLS"             : ""
"ROUTING_STACK"                   : "frr"
"FRR_USER_UID"                    : "300"
"FRR_USER_GID"                    : "300"
"ENABLE_SYNCD_RPC"                : ""
"SAITHRIFT_V2"                    : ""
"ENABLE_ORGANIZATION_EXTENSIONS"  : "y"
"HTTP_PROXY"                      : ""
"HTTPS_PROXY"                     : ""
"ENABLE_ZTP"                      : ""
"SONIC_DEBUGGING_ON"              : ""
"SONIC_PROFILING_ON"              : ""
"KERNEL_PROCURE_METHOD"           : "build"
"BUILD_TIMESTAMP"                 : "20221116.075614"
"BUILD_LOG_TIMESTAMP"             : "none"
"SONIC_IMAGE_VERSION"             : "fix_sai_ptf_202012.0-b86c7571b"
"BLDENV"                          : "stretch"
"VS_PREPARE_MEM"                  : "yes"
"INCLUDE_MGMT_FRAMEWORK"          : "y"
"INCLUDE_ICCPD"                   : "n"
"INCLUDE_SYSTEM_TELEMETRY"        : "y"
"INCLUDE_HOST_SERVICE"            : "n"
"INCLUDE_RESTAPI"                 : "n"
"INCLUDE_SFLOW"                   : "y"
"INCLUDE_NAT"                     : "y"
"INCLUDE_KUBERNETES"              : "n"
"INCLUDE_MUX"                     : "y"
"TELEMETRY_WRITABLE"              : ""
"PDDF_SUPPORT"                    : "y"
"MULTIARCH_QEMU_ENVIRON"          : "n"
"SONIC_VERSION_CONTROL_COMPONENTS": "none"
"DEFAULT_CONTAINER_REGISTRY"      : ""

fatal: There is nothing to exclude from by :(exclude) patterns.
Perhaps you forgot to add either ':/' or '.' ?
"SONIC_DPKG_CACHE_METHOD"         : "none"

DEPRECATION: Python 2.7 reached the end of its life on January 1st, 2020. Please upgrade your Python as Python 2.7 is no longer maintained. pip 21.0 will drop support for Python 2.7 in January 2021. More details about Python 2 support in pip can be found at https://pip.pypa.io/en/latest/development/release-process/#python-2-support pip 21.0 will remove support for this functionality.
DEPRECATION: Python 3.5 reached the end of its life on September 13th, 2020. Please upgrade your Python as Python 3.5 is no longer maintained. pip 21.0 will drop support for Python 3.5 in January 2021. pip 21.0 will remove support for this functionality.
make[1]: Leaving directory '/code/forks/sonic-buildimage'
BLDENV=buster make -f Makefile.work configure
make[1]: Entering directory '/code/forks/sonic-buildimage'
~/code/forks/sonic-buildimage/src/sonic-build-hooks ~/code/forks/sonic-buildimage
make[2]: Entering directory '/code/forks/sonic-buildimage/src/sonic-build-hooks'
dpkg-deb: building package 'sonic-build-hooks' in 'buildinfo/sonic-build-hooks_1.0_all.deb'.
make[2]: Leaving directory '/code/forks/sonic-buildimage/src/sonic-build-hooks'
~/code/forks/sonic-buildimage
SONiC Build System

Build Configuration
"CONFIGURED_PLATFORM"             : "vs"
"CONFIGURED_ARCH"                 : "amd64"
"SONIC_CONFIG_PRINT_DEPENDENCIES" : ""
"SONIC_BUILD_JOBS"                : "1"
"SONIC_CONFIG_MAKE_JOBS"          : "16"
"SONIC_USE_DOCKER_BUILDKIT"       : ""
"USERNAME"                        : "admin"
"PASSWORD"                        : "YourPaSsWoRd"
"ENABLE_DHCP_GRAPH_SERVICE"       : ""
"SHUTDOWN_BGP_ON_START"           : ""
"ENABLE_PFCWD_ON_START"           : ""
"SONIC_BUFFER_MODEL"              : ""
"INSTALL_DEBUG_TOOLS"             : ""
"ROUTING_STACK"                   : "frr"
"FRR_USER_UID"                    : "300"
"FRR_USER_GID"                    : "300"
"ENABLE_SYNCD_RPC"                : ""
"SAITHRIFT_V2"                    : ""
"ENABLE_ORGANIZATION_EXTENSIONS"  : "y"
"HTTP_PROXY"                      : ""
"HTTPS_PROXY"                     : ""
"ENABLE_ZTP"                      : ""
"SONIC_DEBUGGING_ON"              : ""
"SONIC_PROFILING_ON"              : ""
"KERNEL_PROCURE_METHOD"           : "build"
"BUILD_TIMESTAMP"                 : "20221116.075640"
"BUILD_LOG_TIMESTAMP"             : "none"
"SONIC_IMAGE_VERSION"             : "fix_sai_ptf_202012.0-b86c7571b"
"BLDENV"                          : "buster"
"VS_PREPARE_MEM"                  : "yes"
"INCLUDE_MGMT_FRAMEWORK"          : "y"
"INCLUDE_ICCPD"                   : "n"
"INCLUDE_SYSTEM_TELEMETRY"        : "y"
"INCLUDE_HOST_SERVICE"            : "n"
"INCLUDE_RESTAPI"                 : "n"
"INCLUDE_SFLOW"                   : "y"
"INCLUDE_NAT"                     : "y"
"INCLUDE_KUBERNETES"              : "n"
"INCLUDE_MUX"                     : "y"
"TELEMETRY_WRITABLE"              : ""
"PDDF_SUPPORT"                    : "y"
"MULTIARCH_QEMU_ENVIRON"          : "n"
"SONIC_VERSION_CONTROL_COMPONENTS": "none"
"DEFAULT_CONTAINER_REGISTRY"      : ""

"SONIC_DPKG_CACHE_METHOD"         : "none"

DEPRECATION: Python 2.7 reached the end of its life on January 1st, 2020. Please upgrade your Python as Python 2.7 is no longer maintained. pip 21.0 will drop support for Python 2.7 in January 2021. More details about Python 2 support in pip can be found at https://pip.pypa.io/en/latest/development/release-process/#python-2-support pip 21.0 will remove support for this functionality.
make[1]: Leaving directory '/code/forks/sonic-buildimage'
+++ --- Making target/docker-ptf-sai.gz --- +++
EXTRA_DOCKER_TARGETS=docker-ptf-sai.gz BLDENV=stretch make -f Makefile.work stretch
make[1]: Entering directory '/code/forks/sonic-buildimage'
~/code/forks/sonic-buildimage/src/sonic-build-hooks ~/code/forks/sonic-buildimage
make[2]: Entering directory '/code/forks/sonic-buildimage/src/sonic-build-hooks'
dpkg-deb: building package 'sonic-build-hooks' in 'buildinfo/sonic-build-hooks_1.0_all.deb'.
make[2]: Leaving directory '/code/forks/sonic-buildimage/src/sonic-build-hooks'
~/code/forks/sonic-buildimage
SONiC Build System

Build Configuration
"CONFIGURED_PLATFORM"             : "vs"
"CONFIGURED_ARCH"                 : "amd64"
"SONIC_CONFIG_PRINT_DEPENDENCIES" : ""
"SONIC_BUILD_JOBS"                : "1"
"SONIC_CONFIG_MAKE_JOBS"          : "16"
"SONIC_USE_DOCKER_BUILDKIT"       : ""
"USERNAME"                        : "admin"
"PASSWORD"                        : "YourPaSsWoRd"
"ENABLE_DHCP_GRAPH_SERVICE"       : ""
"SHUTDOWN_BGP_ON_START"           : ""
"ENABLE_PFCWD_ON_START"           : ""
"SONIC_BUFFER_MODEL"              : ""
"INSTALL_DEBUG_TOOLS"             : ""
"ROUTING_STACK"                   : "frr"
"FRR_USER_UID"                    : "300"
"FRR_USER_GID"                    : "300"
"ENABLE_SYNCD_RPC"                : ""
"SAITHRIFT_V2"                    : "y"
"ENABLE_ORGANIZATION_EXTENSIONS"  : "y"
"HTTP_PROXY"                      : ""
"HTTPS_PROXY"                     : ""
"ENABLE_ZTP"                      : ""
"SONIC_DEBUGGING_ON"              : ""
"SONIC_PROFILING_ON"              : ""
"KERNEL_PROCURE_METHOD"           : "build"
"BUILD_TIMESTAMP"                 : "20221116.075710"
"BUILD_LOG_TIMESTAMP"             : "none"
"SONIC_IMAGE_VERSION"             : "fix_sai_ptf_202012.0-b86c7571b"
"BLDENV"                          : "stretch"
"VS_PREPARE_MEM"                  : "yes"
"INCLUDE_MGMT_FRAMEWORK"          : "y"
"INCLUDE_ICCPD"                   : "n"
"INCLUDE_SYSTEM_TELEMETRY"        : "y"
"INCLUDE_HOST_SERVICE"            : "n"
"INCLUDE_RESTAPI"                 : "n"
"INCLUDE_SFLOW"                   : "y"
"INCLUDE_NAT"                     : "y"
"INCLUDE_KUBERNETES"              : "n"
"INCLUDE_MUX"                     : "y"
"TELEMETRY_WRITABLE"              : ""
"PDDF_SUPPORT"                    : "y"
"MULTIARCH_QEMU_ENVIRON"          : "n"
"SONIC_VERSION_CONTROL_COMPONENTS": "none"
"DEFAULT_CONTAINER_REGISTRY"      : ""

fatal: There is nothing to exclude from by :(exclude) patterns.
Perhaps you forgot to add either ':/' or '.' ?
"SONIC_DPKG_CACHE_METHOD"         : "none"

[ building ] [ target/debs/stretch/libthrift-0.13.0_0.13.0-6_amd64.deb ] 
[ finished ] [ target/debs/stretch/libthrift-0.13.0_0.13.0-6_amd64.deb ] 
[ building ] [ target/debs/stretch/libthrift-0.13.0_0.13.0-6_amd64.deb-install ] 
[ finished ] [ target/debs/stretch/libthrift-0.13.0_0.13.0-6_amd64.deb-install ] 
[ building ] [ target/debs/stretch/python3-thrift_0.13.0-6_amd64.deb ] 
[ finished ] [ target/debs/stretch/python3-thrift_0.13.0-6_amd64.deb ] 
[ building ] [ target/debs/stretch/libthrift-0.11.0_0.11.0-4_amd64.deb ] 
[ finished ] [ target/debs/stretch/libthrift-0.11.0_0.11.0-4_amd64.deb ] 
[ building ] [ target/debs/stretch/libthrift-0.11.0_0.11.0-4_amd64.deb-install ] 
[ finished ] [ target/debs/stretch/libthrift-0.11.0_0.11.0-4_amd64.deb-install ] 
[ building ] [ target/debs/stretch/python-thrift_0.11.0-4_amd64.deb ] 
[ finished ] [ target/debs/stretch/python-thrift_0.11.0-4_amd64.deb ] 
[ building ] [ target/debs/stretch/python-ptf_0.9-1_all.deb ] 
[ finished ] [ target/debs/stretch/python-ptf_0.9-1_all.deb ] 
[ building ] [ target/debs/stretch/libhiredis0.14_0.14.0-3~bpo9+1_amd64.deb ] 
[ finished ] [ target/debs/stretch/libhiredis0.14_0.14.0-3~bpo9+1_amd64.deb ] 
[ building ] [ target/debs/stretch/libnl-3-200_3.5.0-1_amd64.deb ] 
[ finished ] [ target/debs/stretch/libnl-3-200_3.5.0-1_amd64.deb ] 
[ building ] [ target/debs/stretch/libnl-3-200_3.5.0-1_amd64.deb-install ] 
[ finished ] [ target/debs/stretch/libnl-3-200_3.5.0-1_amd64.deb-install ] 
[ building ] [ target/debs/stretch/libnl-route-3-200_3.5.0-1_amd64.deb-install ] 
[ finished ] [ target/debs/stretch/libnl-route-3-200_3.5.0-1_amd64.deb-install ] 
[ building ] [ target/debs/stretch/libnl-3-dev_3.5.0-1_amd64.deb-install ] 
[ finished ] [ target/debs/stretch/libnl-3-dev_3.5.0-1_amd64.deb-install ] 
[ building ] [ target/debs/stretch/libnl-route-3-dev_3.5.0-1_amd64.deb-install ] 
[ finished ] [ target/debs/stretch/libnl-route-3-dev_3.5.0-1_amd64.deb-install ] 
[ building ] [ target/debs/stretch/libnl-nf-3-200_3.5.0-1_amd64.deb ] 
[ finished ] [ target/debs/stretch/libnl-nf-3-200_3.5.0-1_amd64.deb ] 
[ building ] [ target/debs/stretch/libnl-nf-3-200_3.5.0-1_amd64.deb-install ] 
[ finished ] [ target/debs/stretch/libnl-nf-3-200_3.5.0-1_amd64.deb-install ] 
[ building ] [ target/debs/stretch/libnl-nf-3-dev_3.5.0-1_amd64.deb ] 
[ finished ] [ target/debs/stretch/libnl-nf-3-dev_3.5.0-1_amd64.deb ] 
[ building ] [ target/debs/stretch/libnl-genl-3-200_3.5.0-1_amd64.deb-install ] 
[ finished ] [ target/debs/stretch/libnl-genl-3-200_3.5.0-1_amd64.deb-install ] 
[ building ] [ target/debs/stretch/libnl-genl-3-dev_3.5.0-1_amd64.deb-install ] 
[ finished ] [ target/debs/stretch/libnl-genl-3-dev_3.5.0-1_amd64.deb-install ] 
[ building ] [ target/debs/stretch/libnl-nf-3-dev_3.5.0-1_amd64.deb-install ] 
[ finished ] [ target/debs/stretch/libnl-nf-3-dev_3.5.0-1_amd64.deb-install ] 
[ building ] [ target/debs/stretch/libnl-cli-3-200_3.5.0-1_amd64.deb ] 
[ finished ] [ target/debs/stretch/libnl-cli-3-200_3.5.0-1_amd64.deb ] 
[ building ] [ target/debs/stretch/libnl-cli-3-200_3.5.0-1_amd64.deb-install ] 
[ finished ] [ target/debs/stretch/libnl-cli-3-200_3.5.0-1_amd64.deb-install ] 
[ building ] [ target/debs/stretch/libnl-cli-3-dev_3.5.0-1_amd64.deb ] 
[ finished ] [ target/debs/stretch/libnl-cli-3-dev_3.5.0-1_amd64.deb ] 
[ building ] [ target/debs/stretch/libhiredis0.14_0.14.0-3~bpo9+1_amd64.deb-install ] 
[ finished ] [ target/debs/stretch/libhiredis0.14_0.14.0-3~bpo9+1_amd64.deb-install ] 
[ building ] [ target/debs/stretch/libhiredis-dev_0.14.0-3~bpo9+1_amd64.deb-install ] 
[ finished ] [ target/debs/stretch/libhiredis-dev_0.14.0-3~bpo9+1_amd64.deb-install ] 
[ building ] [ target/debs/stretch/libnl-cli-3-dev_3.5.0-1_amd64.deb-install ] 
[ finished ] [ target/debs/stretch/libnl-cli-3-dev_3.5.0-1_amd64.deb-install ] 
[ building ] [ target/debs/stretch/libswsscommon_1.0.0_amd64.deb ] 
[ finished ] [ target/debs/stretch/libswsscommon_1.0.0_amd64.deb ] 
[ building ] [ target/debs/stretch/libswsscommon_1.0.0_amd64.deb-install ] 
[ finished ] [ target/debs/stretch/libswsscommon_1.0.0_amd64.deb-install ] 
[ building ] [ target/debs/stretch/libswsscommon-dev_1.0.0_amd64.deb ] 
[ finished ] [ target/debs/stretch/libswsscommon-dev_1.0.0_amd64.deb ] 
[ building ] [ target/debs/stretch/libswsscommon-dev_1.0.0_amd64.deb-install ] 
[ finished ] [ target/debs/stretch/libswsscommon-dev_1.0.0_amd64.deb-install ] 
[ building ] [ target/debs/stretch/libsairedis_1.0.0_amd64.deb ] 
[ finished ] [ target/debs/stretch/libsairedis_1.0.0_amd64.deb ] 
[ building ] [ target/debs/stretch/libsairedis_1.0.0_amd64.deb-install ] 
[ finished ] [ target/debs/stretch/libsairedis_1.0.0_amd64.deb-install ] 
[ building ] [ target/debs/stretch/libsaivs_1.0.0_amd64.deb-install ] 
[ finished ] [ target/debs/stretch/libsaivs_1.0.0_amd64.deb-install ] 
[ building ] [ target/debs/stretch/libsaivs-dev_1.0.0_amd64.deb ] 
[ finished ] [ target/debs/stretch/libsaivs-dev_1.0.0_amd64.deb ] 
[ building ] [ target/debs/stretch/libsaimetadata_1.0.0_amd64.deb-install ] 
[ finished ] [ target/debs/stretch/libsaimetadata_1.0.0_amd64.deb-install ] 
[ building ] [ target/debs/stretch/libsaimetadata-dev_1.0.0_amd64.deb ] 
[ finished ] [ target/debs/stretch/libsaimetadata-dev_1.0.0_amd64.deb ] 
[ building ] [ target/debs/stretch/libthrift-dev_0.11.0-4_amd64.deb-install ] 
[ finished ] [ target/debs/stretch/libthrift-dev_0.11.0-4_amd64.deb-install ] 
[ building ] [ target/debs/stretch/python-thrift_0.11.0-4_amd64.deb-install ] 
[ finished ] [ target/debs/stretch/python-thrift_0.11.0-4_amd64.deb-install ] 
[ building ] [ target/debs/stretch/thrift-compiler_0.11.0-4_amd64.deb-install ] 
[ finished ] [ target/debs/stretch/thrift-compiler_0.11.0-4_amd64.deb-install ] 
[ building ] [ target/debs/stretch/libsaivs-dev_1.0.0_amd64.deb-install ] 
[ finished ] [ target/debs/stretch/libsaivs-dev_1.0.0_amd64.deb-install ] 
[ building ] [ target/debs/stretch/libsaimetadata-dev_1.0.0_amd64.deb-install ] 
[ finished ] [ target/debs/stretch/libsaimetadata-dev_1.0.0_amd64.deb-install ] 
[ building ] [ target/debs/stretch/libsaithrift-dev_0.9.4_amd64.deb ] 
[ finished ] [ target/debs/stretch/libsaithrift-dev_0.9.4_amd64.deb ] 
[ building ] [ target/debs/stretch/python-saithrift_0.9.4_amd64.deb ] 
[ finished ] [ target/debs/stretch/python-saithrift_0.9.4_amd64.deb ] 
Cannot connect to the Docker daemon at unix:///var/run/docker.sock. Is the docker daemon running?
[ building ] [ target/docker-ptf.gz ] 
Unable to find image 'debian:stretch' locally
stretch: Pulling from library/debian
8372a04f222b: Pulling fs layer
8372a04f222b: Verifying Checksum
8372a04f222b: Download complete
8372a04f222b: Pull complete
Digest: sha256:c5c5200ff1e9c73ffbf188b4a67eb1c91531b644856b4aefe86a58d2f0cb05be
Status: Downloaded newer image for debian:stretch
06cf963df86d46be9b9bf55dd42d79bfefe6168f1a1a0c7a211302bad55d7214
docker-ptf
[ finished ] [ target/docker-ptf.gz ] 
[ building ] [ target/docker-ptf.gz-load ] 
[ finished ] [ target/docker-ptf.gz-load ] 
[ building ] [ target/docker-ptf-sai.gz ] 
[ finished ] [ target/docker-ptf-sai.gz ] 
[ FAIL LOG START ] [ target/docker-ptf-sai.gz ]
[ REASON ] :      target/docker-ptf-sai.gz does not exist   NON-EXISTENT PREREQUISITES: docker-start target/docker-ptf.gz-load 
[ FLAGS  FILE    ] : [] 
[ FLAGS  DEPENDS ] : [] 
[ FLAGS  DIFF    ] : [] 
Containers: 0
 Running: 0
 Paused: 0
 Stopped: 0
Images: 27
Server Version: 18.09.5
Storage Driver: vfs
Logging Driver: json-file
Cgroup Driver: cgroupfs
Plugins:
 Volume: local
 Network: bridge host ipvlan macvlan null overlay
 Log: awslogs fluentd gcplogs gelf journald json-file local logentries splunk syslog
Swarm: inactive
Runtimes: runc
Default Runtime: runc
Init Binary: docker-init
containerd version: 269548fa27e0089a8b8278fc4fc781d7f65a939b
runc version: ff819c7e9184c13b7c2607fe6c30ae19403a7aff
init version: de40ad0 (expected: fec3683)
Security Options:
 seccomp
  Profile: default
Kernel Version: 5.13.0-1022-azure
Operating System: Debian GNU/Linux 9 (stretch) (containerized)
OSType: linux
Architecture: x86_64
CPUs: 16
Total Memory: 62.81GiB
Name: 19e0c3a4f348
ID: ZX4V:KECT:4HKQ:5E6S:OS6X:IJIT:2RBJ:FFC7:KDG3:H6X3:2S7A:JA4Z
Docker Root Dir: /var/lib/docker
Debug Mode (client): false
Debug Mode (server): false
Registry: https://index.docker.io/v1/
Labels:
Experimental: true
Insecure Registries:
 127.0.0.0/8
Live Restore Enabled: false
Product License: Community Engine

Sending build context to Docker daemon  45.29MB
Step 1/13 : FROM docker-ptf
 ---> bc6e3f5a01e2
Step 2/13 : ENV DEBIAN_FRONTEND=noninteractive
 ---> Running in ea5b4ec17c6a
Removing intermediate container ea5b4ec17c6a
 ---> 6995e307cfa6
Step 3/13 : COPY ["buildinfo", "/usr/local/share/buildinfo"]
 ---> 340b8611792a
Step 4/13 : RUN dpkg -i /usr/local/share/buildinfo/sonic-build-hooks_1.0_all.deb
 ---> Running in 244654f0e1cb
(Reading database ... 31707 files and directories currently installed.)
Preparing to unpack .../sonic-build-hooks_1.0_all.deb ...
Unpacking sonic-build-hooks (1.0) over (1.0) ...
Setting up sonic-build-hooks (1.0) ...
Removing intermediate container 244654f0e1cb
 ---> 2fe6fbd620cc
Step 5/13 : RUN pre_run_buildinfo
 ---> Running in 5aeb444a0f15
[91mDEPRECATION: Python 2.7 reached the end of its life on January 1st, 2020. Please upgrade your Python as Python 2.7 is no longer maintained. pip 21.0 will drop support for Python 2.7 in January 2021. More details about Python 2 support in pip can be found at https://pip.pypa.io/en/latest/development/release-process/#python-2-support pip 21.0 will remove support for this functionality.
[0mRemoving intermediate container 5aeb444a0f15
 ---> a3e62222cc1f
Step 6/13 : RUN apt-get update                  && apt-get upgrade -y           && apt-get dist-upgrade -y      && apt-get install -y           python3-pip
 ---> Running in 45921702d3f9
Ign:1 http://deb.debian.org/debian stretch InRelease
Get:2 http://deb.debian.org/debian stretch-updates InRelease [93.6 kB]
Get:3 http://security.debian.org/debian-security stretch/updates InRelease [59.1 kB]
Get:4 http://deb.debian.org/debian stretch Release [118 kB]
Get:5 http://deb.debian.org/debian stretch Release.gpg [3177 B]
Get:6 http://security.debian.org/debian-security stretch/updates/main amd64 Packages [782 kB]
Get:7 http://deb.debian.org/debian stretch/main amd64 Packages [7080 kB]
Fetched 8135 kB in 2s (3615 kB/s)
Reading package lists...
Reading package lists...
Building dependency tree...
Reading state information...
Calculating upgrade...
0 upgraded, 0 newly installed, 0 to remove and 0 not upgraded.
Reading package lists...
Building dependency tree...
Reading state information...
Calculating upgrade...
0 upgraded, 0 newly installed, 0 to remove and 0 not upgraded.
Reading package lists...
Building dependency tree...
Reading state information...
The following additional packages will be installed:
  dh-python gir1.2-glib-2.0 libdbus-glib-1-2 libgirepository-1.0-1 libmpdec2
  libpython3-dev libpython3-stdlib libpython3.5 libpython3.5-dev
  libpython3.5-minimal libpython3.5-stdlib python-pip-whl python3
  python3-cffi-backend python3-crypto python3-cryptography python3-dbus
  python3-dev python3-gi python3-idna python3-keyring python3-keyrings.alt
  python3-minimal python3-pkg-resources python3-pyasn1 python3-secretstorage
  python3-setuptools python3-six python3-wheel python3-xdg python3.5
  python3.5-dev python3.5-minimal
Suggested packages:
  python3-doc python3-tk python3-venv python3-crypto-dbg python-crypto-doc
  python-cryptography-doc python3-cryptography-vectors python-dbus-doc
  python3-dbus-dbg gnome-keyring libkf5wallet-bin gir1.2-gnomekeyring-1.0
  python3-pykde4 doc-base python-secretstorage-doc python-setuptools-doc
  python3.5-venv python3.5-doc binfmt-support
The following NEW packages will be installed:
  dh-python gir1.2-glib-2.0 libdbus-glib-1-2 libgirepository-1.0-1 libmpdec2
  libpython3-dev libpython3-stdlib libpython3.5 libpython3.5-dev
  libpython3.5-minimal libpython3.5-stdlib python-pip-whl python3
  python3-cffi-backend python3-crypto python3-cryptography python3-dbus
  python3-dev python3-gi python3-idna python3-keyring python3-keyrings.alt
  python3-minimal python3-pip python3-pkg-resources python3-pyasn1
  python3-secretstorage python3-setuptools python3-six python3-wheel
  python3-xdg python3.5 python3.5-dev python3.5-minimal
0 upgraded, 34 newly installed, 0 to remove and 0 not upgraded.
Need to get 48.2 MB of archives.
After this operation, 95.2 MB of additional disk space will be used.
Get:1 http://deb.debian.org/debian stretch/main amd64 python3-minimal amd64 3.5.3-1 [35.3 kB]
Get:2 http://security.debian.org/debian-security stretch/updates/main amd64 libpython3.5-minimal amd64 3.5.3-1+deb9u5 [574 kB]
Get:3 http://deb.debian.org/debian stretch/main amd64 libmpdec2 amd64 2.4.2-1 [85.2 kB]
Get:4 http://security.debian.org/debian-security stretch/updates/main amd64 python3.5-minimal amd64 3.5.3-1+deb9u5 [1692 kB]
Get:5 http://deb.debian.org/debian stretch/main amd64 libpython3-stdlib amd64 3.5.3-1 [18.6 kB]
Get:6 http://deb.debian.org/debian stretch/main amd64 dh-python all 2.20170125 [86.8 kB]
Get:7 http://deb.debian.org/debian stretch/main amd64 python3 amd64 3.5.3-1 [21.6 kB]
Get:8 http://deb.debian.org/debian stretch/main amd64 libgirepository-1.0-1 amd64 1.50.0-1+b1 [89.0 kB]
Get:9 http://security.debian.org/debian-security stretch/updates/main amd64 libpython3.5-stdlib amd64 3.5.3-1+deb9u5 [2167 kB]
Get:10 http://deb.debian.org/debian stretch/main amd64 gir1.2-glib-2.0 amd64 1.50.0-1+b1 [139 kB]
Get:11 http://security.debian.org/debian-security stretch/updates/main amd64 python3.5 amd64 3.5.3-1+deb9u5 [231 kB]
Get:12 http://deb.debian.org/debian stretch/main amd64 libdbus-glib-1-2 amd64 0.108-2 [206 kB]
Get:13 http://security.debian.org/debian-security stretch/updates/main amd64 libpython3.5 amd64 3.5.3-1+deb9u5 [1372 kB]
Get:14 http://deb.debian.org/debian stretch/main amd64 libpython3-dev amd64 3.5.3-1 [18.7 kB]
Get:15 http://deb.debian.org/debian stretch/main amd64 python3-cffi-backend amd64 1.9.1-2 [70.1 kB]
Get:16 http://deb.debian.org/debian stretch/main amd64 python3-crypto amd64 2.6.1-7 [259 kB]
Get:17 http://deb.debian.org/debian stretch/main amd64 python3-idna all 2.2-1 [32.7 kB]
Get:18 http://deb.debian.org/debian stretch/main amd64 python3-pyasn1 all 0.1.9-2 [34.5 kB]
Get:19 http://deb.debian.org/debian stretch/main amd64 python3-pkg-resources all 33.1.1-1 [137 kB]
Get:20 http://deb.debian.org/debian stretch/main amd64 python3-setuptools all 33.1.1-1 [215 kB]
Get:21 http://deb.debian.org/debian stretch/main amd64 python3-six all 1.10.0-3 [14.4 kB]
Get:22 http://deb.debian.org/debian stretch/main amd64 python3-cryptography amd64 1.7.1-3+deb9u2 [211 kB]
Get:23 http://deb.debian.org/debian stretch/main amd64 python3-dbus amd64 1.2.4-1+b1 [184 kB]
Get:24 http://deb.debian.org/debian stretch/main amd64 python3-dev amd64 3.5.3-1 [1154 B]
Get:25 http://deb.debian.org/debian stretch/main amd64 python3-gi amd64 3.22.0-2 [473 kB]
Get:26 http://security.debian.org/debian-security stretch/updates/main amd64 libpython3.5-dev amd64 3.5.3-1+deb9u5 [37.7 MB]
Get:27 http://deb.debian.org/debian stretch/main amd64 python3-secretstorage all 2.3.1-2 [14.2 kB]
Get:28 http://deb.debian.org/debian stretch/main amd64 python3-keyring all 10.1-1 [36.8 kB]
Get:29 http://deb.debian.org/debian stretch/main amd64 python3-keyrings.alt all 1.3-1 [16.2 kB]
Get:30 http://deb.debian.org/debian stretch/main amd64 python3-wheel all 0.29.0-2 [51.8 kB]
Get:31 http://security.debian.org/debian-security stretch/updates/main amd64 python-pip-whl all 9.0.1-2+deb9u2 [1399 kB]
Get:32 http://security.debian.org/debian-security stretch/updates/main amd64 python3.5-dev amd64 3.5.3-1+deb9u5 [413 kB]
Get:33 http://security.debian.org/debian-security stretch/updates/main amd64 python3-pip all 9.0.1-2+deb9u2 [143 kB]
Get:34 http://security.debian.org/debian-security stretch/updates/main amd64 python3-xdg all 0.25-4+deb9u1 [35.6 kB]
[91mdebconf: delaying package configuration, since apt-utils is not installed
[0mFetched 48.2 MB in 1s (41.8 MB/s)
Selecting previously unselected package libpython3.5-minimal:amd64.
(Reading database ... (Reading database ... 5%(Reading database ... 10%(Reading database ... 15%(Reading database ... 20%(Reading database ... 25%(Reading database ... 30%(Reading database ... 35%(Reading database ... 40%(Reading database ... 45%(Reading database ... 50%(Reading database ... 55%(Reading database ... 60%(Reading database ... 65%(Reading database ... 70%(Reading database ... 75%(Reading database ... 80%(Reading database ... 85%(Reading database ... 90%(Reading database ... 95%(Reading database ... 100%(Reading database ... 31707 files and directories currently installed.)
Preparing to unpack .../0-libpython3.5-minimal_3.5.3-1+deb9u5_amd64.deb ...
Unpacking libpython3.5-minimal:amd64 (3.5.3-1+deb9u5) ...
Selecting previously unselected package python3.5-minimal.
Preparing to unpack .../1-python3.5-minimal_3.5.3-1+deb9u5_amd64.deb ...
Unpacking python3.5-minimal (3.5.3-1+deb9u5) ...
Selecting previously unselected package python3-minimal.
Preparing to unpack .../2-python3-minimal_3.5.3-1_amd64.deb ...
Unpacking python3-minimal (3.5.3-1) ...
Selecting previously unselected package libmpdec2:amd64.
Preparing to unpack .../3-libmpdec2_2.4.2-1_amd64.deb ...
Unpacking libmpdec2:amd64 (2.4.2-1) ...
Selecting previously unselected package libpython3.5-stdlib:amd64.
Preparing to unpack .../4-libpython3.5-stdlib_3.5.3-1+deb9u5_amd64.deb ...
Unpacking libpython3.5-stdlib:amd64 (3.5.3-1+deb9u5) ...
Selecting previously unselected package python3.5.
Preparing to unpack .../5-python3.5_3.5.3-1+deb9u5_amd64.deb ...
Unpacking python3.5 (3.5.3-1+deb9u5) ...
Selecting previously unselected package libpython3-stdlib:amd64.
Preparing to unpack .../6-libpython3-stdlib_3.5.3-1_amd64.deb ...
Unpacking libpython3-stdlib:amd64 (3.5.3-1) ...
Selecting previously unselected package dh-python.
Preparing to unpack .../7-dh-python_2.20170125_all.deb ...
Unpacking dh-python (2.20170125) ...
Setting up libpython3.5-minimal:amd64 (3.5.3-1+deb9u5) ...
Setting up python3.5-minimal (3.5.3-1+deb9u5) ...
Setting up python3-minimal (3.5.3-1) ...
Selecting previously unselected package python3.
(Reading database ... (Reading database ... 5%(Reading database ... 10%(Reading database ... 15%(Reading database ... 20%(Reading database ... 25%(Reading database ... 30%(Reading database ... 35%(Reading database ... 40%(Reading database ... 45%(Reading database ... 50%(Reading database ... 55%(Reading database ... 60%(Reading database ... 65%(Reading database ... 70%(Reading database ... 75%(Reading database ... 80%(Reading database ... 85%(Reading database ... 90%(Reading database ... 95%(Reading database ... 100%(Reading database ... 32621 files and directories currently installed.)
Preparing to unpack .../00-python3_3.5.3-1_amd64.deb ...
Unpacking python3 (3.5.3-1) ...
Selecting previously unselected package libgirepository-1.0-1:amd64.
Preparing to unpack .../01-libgirepository-1.0-1_1.50.0-1+b1_amd64.deb ...
Unpacking libgirepository-1.0-1:amd64 (1.50.0-1+b1) ...
Selecting previously unselected package gir1.2-glib-2.0:amd64.
Preparing to unpack .../02-gir1.2-glib-2.0_1.50.0-1+b1_amd64.deb ...
Unpacking gir1.2-glib-2.0:amd64 (1.50.0-1+b1) ...
Selecting previously unselected package libdbus-glib-1-2:amd64.
Preparing to unpack .../03-libdbus-glib-1-2_0.108-2_amd64.deb ...
Unpacking libdbus-glib-1-2:amd64 (0.108-2) ...
Selecting previously unselected package libpython3.5:amd64.
Preparing to unpack .../04-libpython3.5_3.5.3-1+deb9u5_amd64.deb ...
Unpacking libpython3.5:amd64 (3.5.3-1+deb9u5) ...
Selecting previously unselected package libpython3.5-dev:amd64.
Preparing to unpack .../05-libpython3.5-dev_3.5.3-1+deb9u5_amd64.deb ...
Unpacking libpython3.5-dev:amd64 (3.5.3-1+deb9u5) ...
Selecting previously unselected package libpython3-dev:amd64.
Preparing to unpack .../06-libpython3-dev_3.5.3-1_amd64.deb ...
Unpacking libpython3-dev:amd64 (3.5.3-1) ...
Selecting previously unselected package python-pip-whl.
Preparing to unpack .../07-python-pip-whl_9.0.1-2+deb9u2_all.deb ...
Unpacking python-pip-whl (9.0.1-2+deb9u2) ...
Selecting previously unselected package python3-cffi-backend.
Preparing to unpack .../08-python3-cffi-backend_1.9.1-2_amd64.deb ...
Unpacking python3-cffi-backend (1.9.1-2) ...
Selecting previously unselected package python3-crypto.
Preparing to unpack .../09-python3-crypto_2.6.1-7_amd64.deb ...
Unpacking python3-crypto (2.6.1-7) ...
Selecting previously unselected package python3-idna.
Preparing to unpack .../10-python3-idna_2.2-1_all.deb ...
Unpacking python3-idna (2.2-1) ...
Selecting previously unselected package python3-pyasn1.
Preparing to unpack .../11-python3-pyasn1_0.1.9-2_all.deb ...
Unpacking python3-pyasn1 (0.1.9-2) ...
Selecting previously unselected package python3-pkg-resources.
Preparing to unpack .../12-python3-pkg-resources_33.1.1-1_all.deb ...
Unpacking python3-pkg-resources (33.1.1-1) ...
Selecting previously unselected package python3-setuptools.
Preparing to unpack .../13-python3-setuptools_33.1.1-1_all.deb ...
Unpacking python3-setuptools (33.1.1-1) ...
Selecting previously unselected package python3-six.
Preparing to unpack .../14-python3-six_1.10.0-3_all.deb ...
Unpacking python3-six (1.10.0-3) ...
Selecting previously unselected package python3-cryptography.
Preparing to unpack .../15-python3-cryptography_1.7.1-3+deb9u2_amd64.deb ...
Unpacking python3-cryptography (1.7.1-3+deb9u2) ...
Selecting previously unselected package python3-dbus.
Preparing to unpack .../16-python3-dbus_1.2.4-1+b1_amd64.deb ...
Unpacking python3-dbus (1.2.4-1+b1) ...
Selecting previously unselected package python3.5-dev.
Preparing to unpack .../17-python3.5-dev_3.5.3-1+deb9u5_amd64.deb ...
Unpacking python3.5-dev (3.5.3-1+deb9u5) ...
Selecting previously unselected package python3-dev.
Preparing to unpack .../18-python3-dev_3.5.3-1_amd64.deb ...
Unpacking python3-dev (3.5.3-1) ...
Selecting previously unselected package python3-gi.
Preparing to unpack .../19-python3-gi_3.22.0-2_amd64.deb ...
Unpacking python3-gi (3.22.0-2) ...
Selecting previously unselected package python3-secretstorage.
Preparing to unpack .../20-python3-secretstorage_2.3.1-2_all.deb ...
Unpacking python3-secretstorage (2.3.1-2) ...
Selecting previously unselected package python3-keyring.
Preparing to unpack .../21-python3-keyring_10.1-1_all.deb ...
Unpacking python3-keyring (10.1-1) ...
Selecting previously unselected package python3-keyrings.alt.
Preparing to unpack .../22-python3-keyrings.alt_1.3-1_all.deb ...
Unpacking python3-keyrings.alt (1.3-1) ...
Selecting previously unselected package python3-pip.
Preparing to unpack .../23-python3-pip_9.0.1-2+deb9u2_all.deb ...
Unpacking python3-pip (9.0.1-2+deb9u2) ...
Selecting previously unselected package python3-wheel.
Preparing to unpack .../24-python3-wheel_0.29.0-2_all.deb ...
Unpacking python3-wheel (0.29.0-2) ...
Selecting previously unselected package python3-xdg.
Preparing to unpack .../25-python3-xdg_0.25-4+deb9u1_all.deb ...
Unpacking python3-xdg (0.25-4+deb9u1) ...
Setting up python-pip-whl (9.0.1-2+deb9u2) ...
Processing triggers for mime-support (3.60) ...
Setting up libdbus-glib-1-2:amd64 (0.108-2) ...
Setting up libgirepository-1.0-1:amd64 (1.50.0-1+b1) ...
Setting up gir1.2-glib-2.0:amd64 (1.50.0-1+b1) ...
Processing triggers for libc-bin (2.24-11+deb9u4) ...
Setting up libmpdec2:amd64 (2.4.2-1) ...
Setting up libpython3.5-stdlib:amd64 (3.5.3-1+deb9u5) ...
Setting up python3.5 (3.5.3-1+deb9u5) ...
Setting up libpython3-stdlib:amd64 (3.5.3-1) ...
Setting up libpython3.5:amd64 (3.5.3-1+deb9u5) ...
Setting up libpython3.5-dev:amd64 (3.5.3-1+deb9u5) ...
Setting up python3.5-dev (3.5.3-1+deb9u5) ...
Setting up libpython3-dev:amd64 (3.5.3-1) ...
Setting up python3 (3.5.3-1) ...
Setting up python3-cffi-backend (1.9.1-2) ...
Setting up python3-crypto (2.6.1-7) ...
Setting up python3-idna (2.2-1) ...
Setting up python3-xdg (0.25-4+deb9u1) ...
Setting up python3-keyrings.alt (1.3-1) ...
Setting up python3-six (1.10.0-3) ...
Setting up python3-dev (3.5.3-1) ...
Setting up python3-wheel (0.29.0-2) ...
Setting up python3-pkg-resources (33.1.1-1) ...
Setting up python3-gi (3.22.0-2) ...
Setting up python3-pyasn1 (0.1.9-2) ...
Setting up python3-pip (9.0.1-2+deb9u2) ...
Setting up python3-setuptools (33.1.1-1) ...
Setting up dh-python (2.20170125) ...
Setting up python3-cryptography (1.7.1-3+deb9u2) ...
Setting up python3-dbus (1.2.4-1+b1) ...
Setting up python3-secretstorage (2.3.1-2) ...
Setting up python3-keyring (10.1-1) ...
Processing triggers for libc-bin (2.24-11+deb9u4) ...
Removing intermediate container 45921702d3f9
 ---> 6b831a1f61d1
Step 7/13 : RUN pip3 install crc16                  netifaces                       getmac                          packet_helper                   psutil                          scapy_helper                    pysubnettree
 ---> Running in 4f6ac8b595ba
Collecting crc16
  Downloading https://files.pythonhosted.org/packages/a6/e0/70a44c4385f2b33df82e518005aae16b5c1feaf082c73c0acebe3426fc0a/crc16-0.1.1.tar.gz
Collecting netifaces
  Downloading https://files.pythonhosted.org/packages/89/5c/f44769f4afa88a1e8888eb81771a00a54227d40858f81bdf9f5fc1ec110c/netifaces-0.11.0-cp35-cp35m-manylinux_2_5_x86_64.manylinux1_x86_64.whl
Collecting getmac
  Downloading https://files.pythonhosted.org/packages/ea/ad/7821cbe819079c037a1e1a89a41d9e43b767052307fa474ed0b425394fcb/getmac-0.8.3-py2.py3-none-any.whl
Collecting packet_helper
  Downloading https://files.pythonhosted.org/packages/9f/b7/6b2181174edeafd4fd84c534dd4ecac9e7f624628ad690013d8d3a0db11b/packet-helper-0.0.1.tar.gz
Collecting psutil
  Downloading https://files.pythonhosted.org/packages/3d/7d/d05864a69e452f003c0d77e728e155a89a2a26b09e64860ddd70ad64fb26/psutil-5.9.4.tar.gz (485kB)
Collecting scapy_helper
  Downloading https://files.pythonhosted.org/packages/3a/b3/30b82e79c8bd188e2543a74305bdb1fe15729e4cfdf0baad009607f836dc/scapy_helper-0.14.8-py2.py3-none-any.whl
Collecting pysubnettree
[91m  Cache entry deserialization failed, entry ignored
[0m[91m  Cache entry deserialization failed, entry ignored
[0m  Downloading https://files.pythonhosted.org/packages/3d/32/ffa0e8150c2a455bb202e1a1ca384ff3e6ea746968d92f5a53bfd6e4b368/pysubnettree-0.35.tar.gz (51kB)
Collecting tabulate~=0.8.7 (from scapy_helper)
  Downloading https://files.pythonhosted.org/packages/92/4e/e5a13fdb3e6f81ce11893523ff289870c87c8f1f289a7369fb0e9840c3bb/tabulate-0.8.10-py3-none-any.whl
Collecting pyperclip==1.8.2 (from scapy_helper)
  Downloading https://files.pythonhosted.org/packages/a7/2c/4c64579f847bd5d539803c8b909e54ba087a79d01bb3aba433a95879a6c5/pyperclip-1.8.2.tar.gz
Building wheels for collected packages: crc16, packet-helper, psutil, pysubnettree, pyperclip
  Running setup.py bdist_wheel for crc16: started
  Running setup.py bdist_wheel for crc16: finished with status 'done'
  Stored in directory: /root/.cache/pip/wheels/ad/0a/9d/e6ef417c2c39c6e922ddd1c34c4a7599248dc4ee2be8777ee3
  Running setup.py bdist_wheel for packet-helper: started
  Running setup.py bdist_wheel for packet-helper: finished with status 'done'
  Stored in directory: /root/.cache/pip/wheels/c0/12/86/49d0b93bb239f70b56822c1206a2ea2f1eb10677856cde5d72
  Running setup.py bdist_wheel for psutil: started
  Running setup.py bdist_wheel for psutil: finished with status 'done'
  Stored in directory: /root/.cache/pip/wheels/21/dc/70/1181eceb230238f228ffb9df7205799790d4afcf54a4d5f814
  Running setup.py bdist_wheel for pysubnettree: started
  Running setup.py bdist_wheel for pysubnettree: finished with status 'done'
  Stored in directory: /root/.cache/pip/wheels/07/a7/9a/7146e5a3e4efb104735e6cf2d4af1447f0991724eebc0ba7bf
  Running setup.py bdist_wheel for pyperclip: started
  Running setup.py bdist_wheel for pyperclip: finished with status 'done'
  Stored in directory: /root/.cache/pip/wheels/25/af/b8/3407109267803f4015e1ee2ff23be0c8c19ce4008665931ee1
Successfully built crc16 packet-helper psutil pysubnettree pyperclip
Installing collected packages: crc16, netifaces, getmac, tabulate, pyperclip, scapy-helper, packet-helper, psutil, pysubnettree
Successfully installed crc16-0.1.1 getmac-0.8.3 netifaces-0.11.0 packet-helper-0.0.1 psutil-5.9.4 pyperclip-1.8.2 pysubnettree-0.35 scapy-helper-0.14.8 tabulate-0.8.10
Removing intermediate container 4f6ac8b595ba
 ---> 72b53c16f3fb
Step 8/13 : COPY debs/libthrift-0.13.0_0.13.0-6_amd64.deb debs/python3-thrift_0.13.0-6_amd64.deb debs/
 ---> 457fa85bc700
Step 9/13 : RUN dpkg -i debs/libthrift-0.13.0_0.13.0-6_amd64.deb debs/python3-thrift_0.13.0-6_amd64.deb
 ---> Running in 851ed6020a83
Selecting previously unselected package libthrift-0.13.0.
(Reading database ... 33597 files and directories currently installed.)
Preparing to unpack .../libthrift-0.13.0_0.13.0-6_amd64.deb ...
Unpacking libthrift-0.13.0 (0.13.0-6) ...
Selecting previously unselected package python3-thrift.
Preparing to unpack .../python3-thrift_0.13.0-6_amd64.deb ...
Unpacking python3-thrift (0.13.0-6) ...
Setting up libthrift-0.13.0 (0.13.0-6) ...
Setting up python3-thrift (0.13.0-6) ...
Processing triggers for libc-bin (2.24-11+deb9u4) ...
Removing intermediate container 851ed6020a83
 ---> 311cfdfe3169
Step 10/13 : RUN dpkg -r python-ptf
 ---> Running in e5dfe39cd874
(Reading database ... 33652 files and directories currently installed.)
Removing python-ptf (0.9-1) ...
Removing intermediate container e5dfe39cd874
 ---> 51d92989a586
Step 11/13 : RUN git clone https://github.com/p4lang/ptf.git         && cd ptf                                       && python3.7 setup.py install --single-version-externally-managed --record /tmp/ptf_install.txt
 ---> Running in 640fd25e97f0
[91mCloning into 'ptf'...
[0m[91m/bin/sh: 1: python3.7: not found
[0mThe command '/bin/sh -c git clone https://github.com/p4lang/ptf.git         && cd ptf                                       && python3.7 setup.py install --single-version-externally-managed --record /tmp/ptf_install.txt' returned a non-zero code: 127
[  FAIL LOG END  ] [ target/docker-ptf-sai.gz ]
slave.mk:750: recipe for target 'target/docker-ptf-sai.gz' failed
make: *** [target/docker-ptf-sai.gz] Error 1
DEPRECATION: Python 2.7 reached the end of its life on January 1st, 2020. Please upgrade your Python as Python 2.7 is no longer maintained. pip 21.0 will drop support for Python 2.7 in January 2021. More details about Python 2 support in pip can be found at https://pip.pypa.io/en/latest/development/release-process/#python-2-support pip 21.0 will remove support for this functionality.
DEPRECATION: Python 3.5 reached the end of its life on September 13th, 2020. Please upgrade your Python as Python 3.5 is no longer maintained. pip 21.0 will drop support for Python 3.5 in January 2021. pip 21.0 will remove support for this functionality.
make[1]: *** [Makefile.work:297: stretch] Error 2
make[1]: Leaving directory '/code/forks/sonic-buildimage'
make: *** [Makefile:21: target/docker-ptf-sai.gz] Error 2
